[debug] [2024-09-01T14:23:14.807Z] ----------------------------------------------------------------------
[debug] [2024-09-01T14:23:14.810Z] Command:       C:\Program Files (x86)\nodejs\node.exe C:\Users\rampa\AppData\Roaming\npm\node_modules\firebase-tools\lib\bin\firebase.js init
[debug] [2024-09-01T14:23:14.810Z] CLI Version:   13.16.0
[debug] [2024-09-01T14:23:14.810Z] Platform:      win32
[debug] [2024-09-01T14:23:14.810Z] Node Version:  v20.10.0
[debug] [2024-09-01T14:23:14.810Z] Time:          Sun Sep 01 2024 19:53:14 GMT+0530 (India Standard Time)
[debug] [2024-09-01T14:23:14.811Z] ----------------------------------------------------------------------
[debug] 
[debug] [2024-09-01T14:23:14.818Z] > command requires scopes: ["email","openid","https://www.googleapis.com/auth/cloudplatformprojects.readonly","https://www.googleapis.com/auth/firebase","https://www.googleapis.com/auth/cloud-platform"]
[debug] [2024-09-01T14:23:14.819Z] > authorizing via signed-in user (rampawar85@gmail.com)
[info] 
     ######## #### ########  ######## ########     ###     ######  ########
     ##        ##  ##     ## ##       ##     ##  ##   ##  ##       ##
     ######    ##  ########  ######   ########  #########  ######  ######
     ##        ##  ##    ##  ##       ##     ## ##     ##       ## ##
     ##       #### ##     ## ######## ########  ##     ##  ######  ########

You're about to initialize a Firebase project in this directory:

  C:\Users\rampa\Downloads\paper-kit-2-angular-master\paper-kit-2-angular-master

[info] 
=== Project Setup
[info] 
[info] First, let's associate this project directory with a Firebase project.
[info] You can create multiple project aliases by running firebase use --add, 
[info] but for now we'll just set up a default project.
[info] 
[info] i  If you want to create a project in a Google Cloud organization or folder, please use "firebase projects:create" instead, and return to this command when you've created the project. 
[debug] [2024-09-01T14:23:58.928Z] >>> [apiv2][query] POST https://cloudresourcemanager.googleapis.com/v1/projects [none]
[debug] [2024-09-01T14:23:58.929Z] >>> [apiv2][body] POST https://cloudresourcemanager.googleapis.com/v1/projects {"projectId":"estherdatalabs","name":" "}
[debug] [2024-09-01T14:24:00.657Z] <<< [apiv2][status] POST https://cloudresourcemanager.googleapis.com/v1/projects 400
[debug] [2024-09-01T14:24:00.658Z] <<< [apiv2][body] POST https://cloudresourcemanager.googleapis.com/v1/projects {"error":{"code":400,"message":"field [display_name] has issue [project display name must be at least 4 characters]","status":"INVALID_ARGUMENT","details":[{"@type":"type.googleapis.com/google.rpc.BadRequest","fieldViolations":[{"field":"display_name","description":"project display name must be at least 4 characters"}]},{"@type":"type.googleapis.com/google.rpc.Help","links":[{"url":"https://cloud.google.com/resource-manager/reference/rest/v1/projects"}]}]}}
[debug] [2024-09-01T14:24:00.847Z] FirebaseError: HTTP Error: 400, field [display_name] has issue [project display name must be at least 4 characters]
    at responseToError (C:\Users\rampa\AppData\Roaming\npm\node_modules\firebase-tools\lib\responseToError.js:49:12)
    at RetryOperation._fn (C:\Users\rampa\AppData\Roaming\npm\node_modules\firebase-tools\lib\apiv2.js:305:77)
    at process.processTicksAndRejections (node:internal/process/task_queues:95:5)
[error] 
[error] Error: Failed to create project. See firebase-debug.log for more info.
[debug] [2024-09-01T14:24:13.445Z] ----------------------------------------------------------------------
[debug] [2024-09-01T14:24:13.448Z] Command:       C:\Program Files (x86)\nodejs\node.exe C:\Users\rampa\AppData\Roaming\npm\node_modules\firebase-tools\lib\bin\firebase.js init
[debug] [2024-09-01T14:24:13.448Z] CLI Version:   13.16.0
[debug] [2024-09-01T14:24:13.449Z] Platform:      win32
[debug] [2024-09-01T14:24:13.449Z] Node Version:  v20.10.0
[debug] [2024-09-01T14:24:13.449Z] Time:          Sun Sep 01 2024 19:54:13 GMT+0530 (India Standard Time)
[debug] [2024-09-01T14:24:13.449Z] ----------------------------------------------------------------------
[debug] 
[debug] [2024-09-01T14:24:13.456Z] > command requires scopes: ["email","openid","https://www.googleapis.com/auth/cloudplatformprojects.readonly","https://www.googleapis.com/auth/firebase","https://www.googleapis.com/auth/cloud-platform"]
[debug] [2024-09-01T14:24:13.457Z] > authorizing via signed-in user (rampawar85@gmail.com)
[info] 
     ######## #### ########  ######## ########     ###     ######  ########
     ##        ##  ##     ## ##       ##     ##  ##   ##  ##       ##
     ######    ##  ########  ######   ########  #########  ######  ######
     ##        ##  ##    ##  ##       ##     ## ##     ##       ## ##
     ##       #### ##     ## ######## ########  ##     ##  ######  ########

You're about to initialize a Firebase project in this directory:

  C:\Users\rampa\Downloads\paper-kit-2-angular-master\paper-kit-2-angular-master

[info] 
=== Project Setup
[info] 
[info] First, let's associate this project directory with a Firebase project.
[info] You can create multiple project aliases by running firebase use --add, 
[info] but for now we'll just set up a default project.
[info] 
[info] i  If you want to create a project in a Google Cloud organization or folder, please use "firebase projects:create" instead, and return to this command when you've created the project. 
[debug] [2024-09-01T14:24:53.077Z] >>> [apiv2][query] POST https://cloudresourcemanager.googleapis.com/v1/projects [none]
[debug] [2024-09-01T14:24:53.078Z] >>> [apiv2][body] POST https://cloudresourcemanager.googleapis.com/v1/projects {"projectId":"estherdatalabs","name":"estherdatalabs"}
[debug] [2024-09-01T14:24:54.936Z] <<< [apiv2][status] POST https://cloudresourcemanager.googleapis.com/v1/projects 200
[debug] [2024-09-01T14:24:54.936Z] <<< [apiv2][body] POST https://cloudresourcemanager.googleapis.com/v1/projects {"name":"operations/cp.5420074939515894530"}
[debug] [2024-09-01T14:24:54.939Z] >>> [apiv2][query] GET https://cloudresourcemanager.googleapis.com/v1/operations/cp.5420074939515894530 [none]
[debug] [2024-09-01T14:24:56.660Z] <<< [apiv2][status] GET https://cloudresourcemanager.googleapis.com/v1/operations/cp.5420074939515894530 200
[debug] [2024-09-01T14:24:56.660Z] <<< [apiv2][body] GET https://cloudresourcemanager.googleapis.com/v1/operations/cp.5420074939515894530 {"name":"operations/cp.5420074939515894530"}
[debug] [2024-09-01T14:24:57.164Z] [Project Creation Poller] Retrying task index 0
[debug] [2024-09-01T14:24:57.165Z] >>> [apiv2][query] GET https://cloudresourcemanager.googleapis.com/v1/operations/cp.5420074939515894530 [none]
[debug] [2024-09-01T14:24:57.732Z] <<< [apiv2][status] GET https://cloudresourcemanager.googleapis.com/v1/operations/cp.5420074939515894530 200
[debug] [2024-09-01T14:24:57.732Z] <<< [apiv2][body] GET https://cloudresourcemanager.googleapis.com/v1/operations/cp.5420074939515894530 {"name":"operations/cp.5420074939515894530","metadata":{"@type":"type.googleapis.com/google.cloudresourcemanager.v1.ProjectCreationStatus","gettable":true}}
[debug] [2024-09-01T14:24:58.740Z] [Project Creation Poller] Retrying task index 0
[debug] [2024-09-01T14:24:58.741Z] >>> [apiv2][query] GET https://cloudresourcemanager.googleapis.com/v1/operations/cp.5420074939515894530 [none]
[debug] [2024-09-01T14:24:59.424Z] <<< [apiv2][status] GET https://cloudresourcemanager.googleapis.com/v1/operations/cp.5420074939515894530 200
[debug] [2024-09-01T14:24:59.425Z] <<< [apiv2][body] GET https://cloudresourcemanager.googleapis.com/v1/operations/cp.5420074939515894530 {"name":"operations/cp.5420074939515894530","metadata":{"@type":"type.googleapis.com/google.cloudresourcemanager.v1.ProjectCreationStatus","gettable":true,"ready":true},"done":true,"response":{"@type":"type.googleapis.com/google.cloudresourcemanager.v1.Project","projectNumber":"773842814678","projectId":"estherdatalabs","lifecycleState":"ACTIVE","name":"estherdatalabs","createTime":"2024-09-01T14:24:56.152475Z"}}
[debug] [2024-09-01T14:24:59.427Z] >>> [apiv2][query] POST https://firebase.googleapis.com/v1beta1/projects/estherdatalabs:addFirebase [none]
[debug] [2024-09-01T14:25:01.004Z] <<< [apiv2][status] POST https://firebase.googleapis.com/v1beta1/projects/estherdatalabs:addFirebase 403
[debug] [2024-09-01T14:25:01.005Z] <<< [apiv2][body] POST https://firebase.googleapis.com/v1beta1/projects/estherdatalabs:addFirebase {"error":{"code":403,"message":"The caller does not have permission","status":"PERMISSION_DENIED"}}
[debug] [2024-09-01T14:25:01.006Z] HTTP Error: 403, The caller does not have permission
[debug] [2024-09-01T14:25:01.211Z] FirebaseError: HTTP Error: 403, The caller does not have permission
    at responseToError (C:\Users\rampa\AppData\Roaming\npm\node_modules\firebase-tools\lib\responseToError.js:49:12)
    at RetryOperation._fn (C:\Users\rampa\AppData\Roaming\npm\node_modules\firebase-tools\lib\apiv2.js:305:77)
    at process.processTicksAndRejections (node:internal/process/task_queues:95:5)
[error] 
[error] Error: Failed to add Firebase to Google Cloud Platform project. See firebase-debug.log for more info.
